* Starting client
* Connecting to master process on port 5004
* Analyzing classpath: 
  - /Users/anyajean/Documents/Classes/ComputerScience/362/hw1/CS362-001-SP17/projects/lehmana/assignment-1/target/test-classes
  - /Users/anyajean/Documents/Classes/ComputerScience/362/hw1/CS362-001-SP17/projects/lehmana/assignment-1/target/classes
  - /Users/anyajean/.m2/repository/junit/junit/4.12/junit-4.12.jar
  - /Users/anyajean/.m2/repository/org/hamcrest/hamcrest-core/1.3/hamcrest-core-1.3.jar
* Finished analyzing classpath
* Generating tests for class tutorial.Die
* Test criteria:
  - Line Coverage
  - Branch Coverage
  - Exception
  - Mutation testing (weak)
  - Method-Output Coverage
  - Top-Level Method Coverage
  - No-Exception Top-Level Method Coverage
  - Context Branch Coverage
* Setting up search algorithm for whole suite generation
* Total number of test goals: 
  - Line 26
  - Branch 38
  - Exception 0
  - MutationFactory 138
  - Output 14
  - Method 8
  - MethodNoException 8
  - CBranchFitnessFactory 38
* Using seed 1492495133488
* Starting evolution
* Search finished after 66s and 712 generations, 160275 statements, best individual has fitness: 28.083333333333336
* Writing sequences to pool
* Minimizing test suite
* Going to analyze the coverage criteria
* Coverage analysis for criterion LINE
* Coverage of criterion LINE: 100%
* Total number of goals: 26
* Number of covered goals: 26
* Coverage analysis for criterion BRANCH
* Coverage of criterion BRANCH: 79%
* Total number of goals: 38
* Number of covered goals: 30
* Coverage analysis for criterion EXCEPTION
* Coverage of criterion EXCEPTION: 100%
* Total number of goals: 2
* Number of covered goals: 2
* Coverage analysis for criterion WEAKMUTATION
* Coverage of criterion WEAKMUTATION: 97%
* Total number of goals: 138
* Number of covered goals: 134
* Coverage analysis for criterion OUTPUT
* Coverage of criterion OUTPUT: 43%
* Total number of goals: 14
* Number of covered goals: 6
* Coverage analysis for criterion METHOD
* Coverage of criterion METHOD: 100%
* Total number of goals: 8
* Number of covered goals: 8
* Coverage analysis for criterion METHODNOEXCEPTION
* Coverage of criterion METHODNOEXCEPTION: 100%
* Total number of goals: 8
* Number of covered goals: 8
* Coverage analysis for criterion CBRANCH
* Coverage of criterion CBRANCH: 79%
* Total number of goals: 38
* Number of covered goals: 30
* Generated 18 tests with total length 40
* Resulting test suite's coverage: 87% (average coverage for all fitness functions)
* Generating assertions
* Resulting test suite's mutation score: 73%
* Compiling and checking tests
* Writing JUnit test case 'Die_ESTest' to /Users/anyajean/Documents/Classes/ComputerScience/362/hw1/CS362-001-SP17/projects/lehmana/assignment-1/.evosuite/tmp_2017_04_17_22_58_51/tests
* Done!

